[debug] [2021-01-12T20:19:27.694Z] ----------------------------------------------------------------------
[debug] [2021-01-12T20:19:27.696Z] Command:       C:\Program Files\nodejs\node.exe C:\Users\kawal\AppData\Roaming\npm\node_modules\firebase-tools\lib\bin\firebase.js projects:list
[debug] [2021-01-12T20:19:27.696Z] CLI Version:   9.2.0
[debug] [2021-01-12T20:19:27.696Z] Platform:      win32
[debug] [2021-01-12T20:19:27.696Z] Node Version:  v13.5.0
[debug] [2021-01-12T20:19:27.697Z] Time:          Tue Jan 12 2021 15:19:27 GMT-0500 (Eastern Standard Time)
[debug] [2021-01-12T20:19:27.697Z] ----------------------------------------------------------------------
[debug] [2021-01-12T20:19:27.698Z] 
[debug] [2021-01-12T20:19:27.703Z] > command requires scopes: ["email","openid","https://www.googleapis.com/auth/cloudplatformprojects.readonly","https://www.googleapis.com/auth/firebase","https://www.googleapis.com/auth/cloud-platform"]
[debug] [2021-01-12T20:19:27.704Z] > authorizing via signed-in user
[debug] [2021-01-12T20:19:27.709Z] > refreshing access token with scopes: []
[debug] [2021-01-12T20:19:27.710Z] >>> HTTP REQUEST POST https://www.googleapis.com/oauth2/v3/token  
 <request body omitted>
[debug] [2021-01-12T20:19:27.877Z] <<< HTTP RESPONSE 400 {"cache-control":"no-cache, no-store, max-age=0, must-revalidate","date":"Tue, 12 Jan 2021 20:19:28 GMT","pragma":"no-cache","expires":"Mon, 01 Jan 1990 00:00:00 GMT","content-type":"application/json; charset=utf-8","vary":"X-Origin, Referer, Origin,Accept-Encoding","server":"scaffolding on HTTPServer2","x-xss-protection":"0","x-frame-options":"SAMEORIGIN","x-content-type-options":"nosniff","alt-svc":"h3-29=\":443\"; ma=2592000,h3-T051=\":443\"; ma=2592000,h3-Q050=\":443\"; ma=2592000,h3-Q046=\":443\"; ma=2592000,h3-Q043=\":443\"; ma=2592000,quic=\":443\"; ma=2592000; v=\"46,43\"","accept-ranges":"none","transfer-encoding":"chunked"}
[debug] [2021-01-12T20:19:27.879Z] >>> [apiv2][query] GET https://firebase.googleapis.com/v1beta1/projects pageSize=1000
[debug] [2021-01-12T20:19:28.074Z] <<< [apiv2][status] GET https://firebase.googleapis.com/v1beta1/projects 401
[debug] [2021-01-12T20:19:28.074Z] <<< [apiv2][body] GET https://firebase.googleapis.com/v1beta1/projects [omitted]
[debug] [2021-01-12T20:19:28.075Z] HTTP Error: 401, Request had invalid authentication credentials. Expected OAuth 2 access token, login cookie or other valid authentication credential. See https://developers.google.com/identity/sign-in/web/devconsole-project.
[debug] [2021-01-12T20:19:28.083Z] FirebaseError: HTTP Error: 401, Request had invalid authentication credentials. Expected OAuth 2 access token, login cookie or other valid authentication credential. See https://developers.google.com/identity/sign-in/web/devconsole-project.
    at module.exports (C:\Users\kawal\AppData\Roaming\npm\node_modules\firebase-tools\lib\responseToError.js:38:12)
    at Client.doRequest (C:\Users\kawal\AppData\Roaming\npm\node_modules\firebase-tools\lib\apiv2.js:218:23)
    at processTicksAndRejections (internal/process/task_queues.js:97:5)
    at async Client.request (C:\Users\kawal\AppData\Roaming\npm\node_modules\firebase-tools\lib\apiv2.js:93:20)
    at async getProjectPage (C:\Users\kawal\AppData\Roaming\npm\node_modules\firebase-tools\lib\management\projects.js:232:17)
    at async getFirebaseProjectPage (C:\Users\kawal\AppData\Roaming\npm\node_modules\firebase-tools\lib\management\projects.js:249:23)
    at async Object.listFirebaseProjects (C:\Users\kawal\AppData\Roaming\npm\node_modules\firebase-tools\lib\management\projects.js:280:29)
    at async Command.actionFn (C:\Users\kawal\AppData\Roaming\npm\node_modules\firebase-tools\lib\commands\projects-list.js:50:20)
[error] 
[error] Error: Failed to list Firebase projects. See firebase-debug.log for more info.
